The system is: Windows - 10.0.22000 - AMD64
Compiling the C compiler identification source file "CMakeCCompilerId.c" succeeded.
Compiler: C:/Program Files/Microsoft Visual Studio/2022/Community/VC/Tools/MSVC/14.35.32215/bin/Hostx64/x64/cl.exe 
Build flags: 
Id flags:  

The output was:
0
Microsoft (R) C/C++ Optimizing Compiler Version 19.35.32217.1 for x64
Copyright (C) Microsoft Corporation.  All rights reserved.

CMakeCCompilerId.c
Microsoft (R) Incremental Linker Version 14.35.32217.1
Copyright (C) Microsoft Corporation.  All rights reserved.

/out:CMakeCCompilerId.exe 
CMakeCCompilerId.obj 


Compilation of the C compiler identification source "CMakeCCompilerId.c" produced "CMakeCCompilerId.exe"

Compilation of the C compiler identification source "CMakeCCompilerId.c" produced "CMakeCCompilerId.obj"

The C compiler identification is MSVC, found in "D:/Repositories/direct-syscall/cmake-build-debug/CMakeFiles/3.25.2/CompilerIdC/CMakeCCompilerId.exe"

Compiling the CXX compiler identification source file "CMakeCXXCompilerId.cpp" succeeded.
Compiler: C:/Program Files/Microsoft Visual Studio/2022/Community/VC/Tools/MSVC/14.35.32215/bin/Hostx64/x64/cl.exe 
Build flags: 
Id flags:  

The output was:
0
Microsoft (R) C/C++ Optimizing Compiler Version 19.35.32217.1 for x64
Copyright (C) Microsoft Corporation.  All rights reserved.

CMakeCXXCompilerId.cpp
Microsoft (R) Incremental Linker Version 14.35.32217.1
Copyright (C) Microsoft Corporation.  All rights reserved.

/out:CMakeCXXCompilerId.exe 
CMakeCXXCompilerId.obj 


Compilation of the CXX compiler identification source "CMakeCXXCompilerId.cpp" produced "CMakeCXXCompilerId.exe"

Compilation of the CXX compiler identification source "CMakeCXXCompilerId.cpp" produced "CMakeCXXCompilerId.obj"

The CXX compiler identification is MSVC, found in "D:/Repositories/direct-syscall/cmake-build-debug/CMakeFiles/3.25.2/CompilerIdCXX/CMakeCXXCompilerId.exe"

Detecting C compiler ABI info compiled with the following output:
Change Dir: D:/Repositories/direct-syscall/cmake-build-debug/CMakeFiles/CMakeScratch/TryCompile-bg7qyb

Run Build Command(s):C:/Users/neonm/AppData/Local/JetBrains/Toolbox/apps/CLion/ch-0/231.8109.222/bin/ninja/win/x64/ninja.exe cmTC_1ebbc && [1/2] Building C object CMakeFiles\cmTC_1ebbc.dir\CMakeCCompilerABI.c.obj
[2/2] Linking C executable cmTC_1ebbc.exe



Detecting CXX compiler ABI info compiled with the following output:
Change Dir: D:/Repositories/direct-syscall/cmake-build-debug/CMakeFiles/CMakeScratch/TryCompile-jkz0lf

Run Build Command(s):C:/Users/neonm/AppData/Local/JetBrains/Toolbox/apps/CLion/ch-0/231.8109.222/bin/ninja/win/x64/ninja.exe cmTC_816d4 && [1/2] Building CXX object CMakeFiles\cmTC_816d4.dir\CMakeCXXCompilerABI.cpp.obj
[2/2] Linking CXX executable cmTC_816d4.exe



